[debug] [2022-10-29T10:16:49.093Z] ----------------------------------------------------------------------
[debug] [2022-10-29T10:16:49.095Z] Command:       /usr/local/bin/node /usr/local/bin/firebase emulators:start
[debug] [2022-10-29T10:16:49.095Z] CLI Version:   9.14.0
[debug] [2022-10-29T10:16:49.095Z] Platform:      darwin
[debug] [2022-10-29T10:16:49.095Z] Node Version:  v16.3.0
[debug] [2022-10-29T10:16:49.123Z] Time:          Sat Oct 29 2022 15:46:49 GMT+0530 (India Standard Time)
[debug] [2022-10-29T10:16:49.124Z] ----------------------------------------------------------------------
[debug] 
[debug] [2022-10-29T10:16:49.128Z] >>> [apiv2][query] GET https://firebase-public.firebaseio.com/cli.json [none]
[debug] [2022-10-29T10:16:49.155Z] > command requires scopes: ["email","openid","https://www.googleapis.com/auth/cloudplatformprojects.readonly","https://www.googleapis.com/auth/firebase","https://www.googleapis.com/auth/cloud-platform"]
[debug] [2022-10-29T10:16:49.159Z] > authorizing via signed-in user (aatmansp@gmail.com)
[info] i  emulators: Starting emulators: functions, hosting {"metadata":{"emulator":{"name":"hub"},"message":"Starting emulators: functions, hosting"}}
[debug] [2022-10-29T10:16:49.173Z] [hub] writing locator at /var/folders/ky/y6b05xbs6r1dmbwh2w2_25xr0000gn/T/hub-clone-c688c.json
[warn] ⚠  functions: The following emulators are not running, calls to these services from the Functions emulator will affect production: auth, firestore, database, pubsub, storage {"metadata":{"emulator":{"name":"functions"},"message":"The following emulators are not running, calls to these services from the Functions emulator will affect production: \u001b[1mauth, firestore, database, pubsub, storage\u001b[22m"}}
[warn] ⚠  Your requested "node" version "12" doesn't match your global version "16" {"metadata":{"emulator":{"name":"functions"},"message":"Your requested \"node\" version \"12\" doesn't match your global version \"16\""}}
[debug] [2022-10-29T10:16:49.204Z] defaultcredentials: writing to file /Users/advayapradhan/.config/firebase/aatmansp_gmail_com_application_default_credentials.json
[debug] [2022-10-29T10:16:49.208Z] Setting GAC to /Users/advayapradhan/.config/firebase/aatmansp_gmail_com_application_default_credentials.json {"metadata":{"emulator":{"name":"functions"},"message":"Setting GAC to /Users/advayapradhan/.config/firebase/aatmansp_gmail_com_application_default_credentials.json"}}
[debug] [2022-10-29T10:16:49.209Z] > refreshing access token with scopes: []
[debug] [2022-10-29T10:16:49.210Z] >>> HTTP REQUEST POST https://www.googleapis.com/oauth2/v3/token  
 <request body omitted>
[debug] [2022-10-29T10:16:49.377Z] <<< HTTP RESPONSE 400 {"cache-control":"no-cache, no-store, max-age=0, must-revalidate","expires":"Mon, 01 Jan 1990 00:00:00 GMT","pragma":"no-cache","date":"Sat, 29 Oct 2022 10:16:49 GMT","content-type":"application/json; charset=utf-8","vary":"X-Origin, Referer, Origin,Accept-Encoding","server":"scaffolding on HTTPServer2","x-xss-protection":"0","x-frame-options":"SAMEORIGIN","x-content-type-options":"nosniff","alt-svc":"h3=\":443\"; ma=2592000,h3-29=\":443\"; ma=2592000,h3-Q050=\":443\"; ma=2592000,h3-Q046=\":443\"; ma=2592000,h3-Q043=\":443\"; ma=2592000,quic=\":443\"; ma=2592000; v=\"46,43\"","accept-ranges":"none","transfer-encoding":"chunked"}
[debug] [2022-10-29T10:16:49.378Z] >>> [apiv2][query] GET https://firebase.googleapis.com/v1beta1/projects/clone-c688c/adminSdkConfig [none]
[debug] [2022-10-29T10:16:49.784Z] <<< [apiv2][status] GET https://firebase-public.firebaseio.com/cli.json 200
[debug] [2022-10-29T10:16:49.784Z] <<< [apiv2][body] GET https://firebase-public.firebaseio.com/cli.json {"cloudBuildErrorAfter":1594252800000,"cloudBuildWarnAfter":1590019200000,"defaultNode10After":1594252800000,"minVersion":"3.0.5","node8DeploysDisabledAfter":1613390400000,"node8RuntimeDisabledAfter":1615809600000,"node8WarnAfter":1600128000000}
[debug] [2022-10-29T10:16:49.807Z] <<< [apiv2][status] GET https://firebase.googleapis.com/v1beta1/projects/clone-c688c/adminSdkConfig 401
[debug] [2022-10-29T10:16:49.807Z] <<< [apiv2][body] GET https://firebase.googleapis.com/v1beta1/projects/clone-c688c/adminSdkConfig {"error":{"code":401,"message":"Request had invalid authentication credentials. Expected OAuth 2 access token, login cookie or other valid authentication credential. See https://developers.google.com/identity/sign-in/web/devconsole-project.","status":"UNAUTHENTICATED"}}
[debug] [2022-10-29T10:16:49.808Z] Failed to get Admin SDK config for clone-c688c, falling back to cache Failed to get Admin SDK for Firebase project clone-c688c. Please make sure the project exists and your account has permission to access it. {"name":"FirebaseError","children":[],"exit":2,"message":"Failed to get Admin SDK for Firebase project clone-c688c. Please make sure the project exists and your account has permission to access it.","original":{"name":"FirebaseError","children":[],"context":{"body":{"error":{"code":401,"message":"Request had invalid authentication credentials. Expected OAuth 2 access token, login cookie or other valid authentication credential. See https://developers.google.com/identity/sign-in/web/devconsole-project.","status":"UNAUTHENTICATED"}},"response":{"statusCode":401}},"exit":1,"message":"HTTP Error: 401, Request had invalid authentication credentials. Expected OAuth 2 access token, login cookie or other valid authentication credential. See https://developers.google.com/identity/sign-in/web/devconsole-project.","status":401},"status":500}
[debug] [2022-10-29T10:16:49.816Z] > refreshing access token with scopes: []
[debug] [2022-10-29T10:16:49.817Z] >>> HTTP REQUEST POST https://www.googleapis.com/oauth2/v3/token  
 <request body omitted>
[debug] [2022-10-29T10:16:49.963Z] <<< HTTP RESPONSE 400 {"date":"Sat, 29 Oct 2022 10:16:50 GMT","cache-control":"no-cache, no-store, max-age=0, must-revalidate","expires":"Mon, 01 Jan 1990 00:00:00 GMT","pragma":"no-cache","content-type":"application/json; charset=utf-8","vary":"X-Origin, Referer, Origin,Accept-Encoding","server":"scaffolding on HTTPServer2","x-xss-protection":"0","x-frame-options":"SAMEORIGIN","x-content-type-options":"nosniff","alt-svc":"h3=\":443\"; ma=2592000,h3-29=\":443\"; ma=2592000,h3-Q050=\":443\"; ma=2592000,h3-Q046=\":443\"; ma=2592000,h3-Q043=\":443\"; ma=2592000,quic=\":443\"; ma=2592000; v=\"46,43\"","accept-ranges":"none","transfer-encoding":"chunked"}
[debug] [2022-10-29T10:16:49.964Z] >>> [apiv2][query] GET https://firebasehosting.googleapis.com/v1beta1/projects/clone-c688c/sites 
[debug] [2022-10-29T10:16:50.905Z] <<< [apiv2][status] GET https://firebasehosting.googleapis.com/v1beta1/projects/clone-c688c/sites 401
[debug] [2022-10-29T10:16:50.905Z] <<< [apiv2][body] GET https://firebasehosting.googleapis.com/v1beta1/projects/clone-c688c/sites {"error":{"code":401,"message":"Request had invalid authentication credentials. Expected OAuth 2 access token, login cookie or other valid authentication credential. See https://developers.google.com/identity/sign-in/web/devconsole-project.","status":"UNAUTHENTICATED"}}
[debug] [2022-10-29T10:16:50.905Z] Failed to list hosting sites
[debug] HTTP Error: 401, Request had invalid authentication credentials. Expected OAuth 2 access token, login cookie or other valid authentication credential. See https://developers.google.com/identity/sign-in/web/devconsole-project.
[debug] [2022-10-29T10:16:50.905Z] > refreshing access token with scopes: []
[debug] [2022-10-29T10:16:50.905Z] >>> HTTP REQUEST POST https://www.googleapis.com/oauth2/v3/token  
 <request body omitted>
[debug] [2022-10-29T10:16:51.057Z] <<< HTTP RESPONSE 400 {"expires":"Mon, 01 Jan 1990 00:00:00 GMT","date":"Sat, 29 Oct 2022 10:16:51 GMT","cache-control":"no-cache, no-store, max-age=0, must-revalidate","pragma":"no-cache","content-type":"application/json; charset=utf-8","vary":"X-Origin, Referer, Origin,Accept-Encoding","server":"scaffolding on HTTPServer2","x-xss-protection":"0","x-frame-options":"SAMEORIGIN","x-content-type-options":"nosniff","alt-svc":"h3=\":443\"; ma=2592000,h3-29=\":443\"; ma=2592000,h3-Q050=\":443\"; ma=2592000,h3-Q046=\":443\"; ma=2592000,h3-Q043=\":443\"; ma=2592000,quic=\":443\"; ma=2592000; v=\"46,43\"","accept-ranges":"none","transfer-encoding":"chunked"}
[debug] [2022-10-29T10:16:51.058Z] >>> [apiv2][query] GET https://firebase.googleapis.com/v1beta1/projects/clone-c688c/webApps/-/config [none]
[debug] [2022-10-29T10:16:51.246Z] <<< [apiv2][status] GET https://firebase.googleapis.com/v1beta1/projects/clone-c688c/webApps/-/config 401
[debug] [2022-10-29T10:16:51.246Z] <<< [apiv2][body] GET https://firebase.googleapis.com/v1beta1/projects/clone-c688c/webApps/-/config {"error":{"code":401,"message":"Request had invalid authentication credentials. Expected OAuth 2 access token, login cookie or other valid authentication credential. See https://developers.google.com/identity/sign-in/web/devconsole-project.","status":"UNAUTHENTICATED"}}
[debug] [2022-10-29T10:16:51.246Z] fetchWebSetup error: FirebaseError: HTTP Error: 401, Request had invalid authentication credentials. Expected OAuth 2 access token, login cookie or other valid authentication credential. See https://developers.google.com/identity/sign-in/web/devconsole-project.
[warn] ⚠  hosting: Using web app configuration from cache. 
[info] i  hosting: Serving hosting files from: build {"metadata":{"emulator":{"name":"hosting"},"message":"Serving hosting files from: \u001b[1mbuild\u001b[22m"}}
[info] ✔  hosting: Local server: http://localhost:5000 {"metadata":{"emulator":{"name":"hosting"},"message":"Local server: \u001b[4m\u001b[1mhttp://localhost:5000\u001b[22m\u001b[24m"}}
[info] i  ui: downloading ui-v1.5.0.zip... {"metadata":{"emulator":{"name":"ui"},"message":"downloading ui-v1.5.0.zip..."}}
[debug] [2022-10-29T10:16:51.283Z] >>> [apiv2][query] GET https://storage.googleapis.com/firebase-preview-drop/emulator/ui-v1.5.0.zip 
[debug] [2022-10-29T10:16:52.543Z] <<< [apiv2][status] GET https://storage.googleapis.com/firebase-preview-drop/emulator/ui-v1.5.0.zip 200
[debug] [2022-10-29T10:16:52.543Z] <<< [apiv2][body] GET https://storage.googleapis.com/firebase-preview-drop/emulator/ui-v1.5.0.zip [stream]
[debug] [2022-10-29T10:16:53.567Z] Ignoring unsupported arg: auto_download {"metadata":{"emulator":{"name":"ui"},"message":"Ignoring unsupported arg: auto_download"}}
[debug] [2022-10-29T10:16:53.568Z] Ignoring unsupported arg: port {"metadata":{"emulator":{"name":"ui"},"message":"Ignoring unsupported arg: port"}}
[debug] [2022-10-29T10:16:53.568Z] Starting Emulator UI with command {"binary":"node","args":["/Users/advayapradhan/.cache/firebase/emulators/ui-v1.5.0/server.bundle.js"],"optionalArgs":[],"joinArgs":false} {"metadata":{"emulator":{"name":"ui"},"message":"Starting Emulator UI with command {\"binary\":\"node\",\"args\":[\"/Users/advayapradhan/.cache/firebase/emulators/ui-v1.5.0/server.bundle.js\"],\"optionalArgs\":[],\"joinArgs\":false}"}}
[info] i  ui: Emulator UI logging to ui-debug.log {"metadata":{"emulator":{"name":"ui"},"message":"Emulator UI logging to \u001b[1mui-debug.log\u001b[22m"}}
[debug] [2022-10-29T10:16:53.705Z] Web / API server started at http://localhost:4000
 {"metadata":{"emulator":{"name":"ui"},"message":"Web / API server started at http://localhost:4000\n"}}
[info] i  functions: Watching "/Users/advayapradhan/Desktop/Coding/Web_Dev/React/amazon-clone/functions" for Cloud Functions... {"metadata":{"emulator":{"name":"functions"},"message":"Watching \"/Users/advayapradhan/Desktop/Coding/Web_Dev/React/amazon-clone/functions\" for Cloud Functions..."}}
[debug] [2022-10-29T10:16:53.859Z] [worker-pool] addWorker(~diagnostic~) {"metadata":{"emulator":{"name":"functions"},"message":"[worker-pool] addWorker(~diagnostic~)"}}
[debug] [2022-10-29T10:16:53.860Z] [worker-pool] Adding worker with key ~diagnostic~, total=1 {"metadata":{"emulator":{"name":"functions"},"message":"[worker-pool] Adding worker with key ~diagnostic~, total=1"}}
[debug] [2022-10-29T10:16:53.860Z] [worker-pool] submitWork(triggerId=) {"metadata":{"emulator":{"name":"functions"},"message":"[worker-pool] submitWork(triggerId=)"}}
[debug] [2022-10-29T10:16:53.860Z] [worker-~diagnostic~-c80e8319-ec7b-4f3b-987f-14a5ca444f01]: Assigning socketPath: /var/folders/ky/y6b05xbs6r1dmbwh2w2_25xr0000gn/T/fire_emu_19318.sock {"metadata":{"emulator":{"name":"functions"},"message":"[worker-~diagnostic~-c80e8319-ec7b-4f3b-987f-14a5ca444f01]: Assigning socketPath: /var/folders/ky/y6b05xbs6r1dmbwh2w2_25xr0000gn/T/fire_emu_19318.sock"}}
[debug] [2022-10-29T10:16:53.860Z] [worker-~diagnostic~-c80e8319-ec7b-4f3b-987f-14a5ca444f01]: BUSY {"metadata":{"emulator":{"name":"functions"},"message":"[worker-~diagnostic~-c80e8319-ec7b-4f3b-987f-14a5ca444f01]: BUSY"}}
[debug] [2022-10-29T10:16:54.128Z] [runtime-status] [19318] Functions runtime initialized. {"cwd":"/Users/advayapradhan/Desktop/Coding/Web_Dev/React/amazon-clone/functions","node_version":"16.3.0"} {"metadata":{"emulator":{"name":"functions"},"message":"[runtime-status] [19318] Functions runtime initialized. {\"cwd\":\"/Users/advayapradhan/Desktop/Coding/Web_Dev/React/amazon-clone/functions\",\"node_version\":\"16.3.0\"}"}}
[debug] [2022-10-29T10:16:54.129Z] [runtime-status] [19318] Disabled runtime features: undefined {"metadata":{"emulator":{"name":"functions"},"message":"[runtime-status] [19318] Disabled runtime features: undefined"}}
[debug] [2022-10-29T10:16:54.149Z] [runtime-status] [19318] Resolved module firebase-admin {"declared":true,"installed":true,"version":"9.8.0","resolution":"/Users/advayapradhan/Desktop/Coding/Web_Dev/React/amazon-clone/functions/node_modules/firebase-admin/lib/index.js"} {"metadata":{"emulator":{"name":"functions"},"message":"[runtime-status] [19318] Resolved module firebase-admin {\"declared\":true,\"installed\":true,\"version\":\"9.8.0\",\"resolution\":\"/Users/advayapradhan/Desktop/Coding/Web_Dev/React/amazon-clone/functions/node_modules/firebase-admin/lib/index.js\"}"}}
[debug] [2022-10-29T10:16:54.157Z] [runtime-status] [19318] Resolved module firebase-functions {"declared":true,"installed":true,"version":"3.14.1","resolution":"/Users/advayapradhan/Desktop/Coding/Web_Dev/React/amazon-clone/functions/node_modules/firebase-functions/lib/index.js"} {"metadata":{"emulator":{"name":"functions"},"message":"[runtime-status] [19318] Resolved module firebase-functions {\"declared\":true,\"installed\":true,\"version\":\"3.14.1\",\"resolution\":\"/Users/advayapradhan/Desktop/Coding/Web_Dev/React/amazon-clone/functions/node_modules/firebase-functions/lib/index.js\"}"}}
[debug] [2022-10-29T10:16:54.160Z] [runtime-status] [19318] Resolved module firebase-functions {"declared":true,"installed":true,"version":"3.14.1","resolution":"/Users/advayapradhan/Desktop/Coding/Web_Dev/React/amazon-clone/functions/node_modules/firebase-functions/lib/index.js"} {"metadata":{"emulator":{"name":"functions"},"message":"[runtime-status] [19318] Resolved module firebase-functions {\"declared\":true,\"installed\":true,\"version\":\"3.14.1\",\"resolution\":\"/Users/advayapradhan/Desktop/Coding/Web_Dev/React/amazon-clone/functions/node_modules/firebase-functions/lib/index.js\"}"}}
[debug] [2022-10-29T10:16:54.164Z] [runtime-status] [19318] Outgoing network have been stubbed. [{"name":"http","status":"mocked"},{"name":"http","status":"mocked"},{"name":"https","status":"mocked"},{"name":"https","status":"mocked"},{"name":"net","status":"mocked"}] {"metadata":{"emulator":{"name":"functions"},"message":"[runtime-status] [19318] Outgoing network have been stubbed. [{\"name\":\"http\",\"status\":\"mocked\"},{\"name\":\"http\",\"status\":\"mocked\"},{\"name\":\"https\",\"status\":\"mocked\"},{\"name\":\"https\",\"status\":\"mocked\"},{\"name\":\"net\",\"status\":\"mocked\"}]"}}
[debug] [2022-10-29T10:16:54.164Z] [runtime-status] [19318] Resolved module firebase-functions {"declared":true,"installed":true,"version":"3.14.1","resolution":"/Users/advayapradhan/Desktop/Coding/Web_Dev/React/amazon-clone/functions/node_modules/firebase-functions/lib/index.js"} {"metadata":{"emulator":{"name":"functions"},"message":"[runtime-status] [19318] Resolved module firebase-functions {\"declared\":true,\"installed\":true,\"version\":\"3.14.1\",\"resolution\":\"/Users/advayapradhan/Desktop/Coding/Web_Dev/React/amazon-clone/functions/node_modules/firebase-functions/lib/index.js\"}"}}
[debug] [2022-10-29T10:16:54.288Z] [runtime-status] [19318] Checked functions.config() {"config":{}} {"metadata":{"emulator":{"name":"functions"},"message":"[runtime-status] [19318] Checked functions.config() {\"config\":{}}"}}
[debug] [2022-10-29T10:16:54.288Z] [runtime-status] [19318] firebase-functions has been stubbed. {"functionsResolution":{"declared":true,"installed":true,"version":"3.14.1","resolution":"/Users/advayapradhan/Desktop/Coding/Web_Dev/React/amazon-clone/functions/node_modules/firebase-functions/lib/index.js"}} {"metadata":{"emulator":{"name":"functions"},"message":"[runtime-status] [19318] firebase-functions has been stubbed. {\"functionsResolution\":{\"declared\":true,\"installed\":true,\"version\":\"3.14.1\",\"resolution\":\"/Users/advayapradhan/Desktop/Coding/Web_Dev/React/amazon-clone/functions/node_modules/firebase-functions/lib/index.js\"}}"}}
[debug] [2022-10-29T10:16:54.289Z] [runtime-status] [19318] Resolved module firebase-functions {"declared":true,"installed":true,"version":"3.14.1","resolution":"/Users/advayapradhan/Desktop/Coding/Web_Dev/React/amazon-clone/functions/node_modules/firebase-functions/lib/index.js"} {"metadata":{"emulator":{"name":"functions"},"message":"[runtime-status] [19318] Resolved module firebase-functions {\"declared\":true,\"installed\":true,\"version\":\"3.14.1\",\"resolution\":\"/Users/advayapradhan/Desktop/Coding/Web_Dev/React/amazon-clone/functions/node_modules/firebase-functions/lib/index.js\"}"}}
[debug] [2022-10-29T10:16:54.290Z] [runtime-status] [19318] Resolved module firebase-admin {"declared":true,"installed":true,"version":"9.8.0","resolution":"/Users/advayapradhan/Desktop/Coding/Web_Dev/React/amazon-clone/functions/node_modules/firebase-admin/lib/index.js"} {"metadata":{"emulator":{"name":"functions"},"message":"[runtime-status] [19318] Resolved module firebase-admin {\"declared\":true,\"installed\":true,\"version\":\"9.8.0\",\"resolution\":\"/Users/advayapradhan/Desktop/Coding/Web_Dev/React/amazon-clone/functions/node_modules/firebase-admin/lib/index.js\"}"}}
[debug] [2022-10-29T10:16:54.290Z] [runtime-status] [19318] Resolved module firebase-functions {"declared":true,"installed":true,"version":"3.14.1","resolution":"/Users/advayapradhan/Desktop/Coding/Web_Dev/React/amazon-clone/functions/node_modules/firebase-functions/lib/index.js"} {"metadata":{"emulator":{"name":"functions"},"message":"[runtime-status] [19318] Resolved module firebase-functions {\"declared\":true,\"installed\":true,\"version\":\"3.14.1\",\"resolution\":\"/Users/advayapradhan/Desktop/Coding/Web_Dev/React/amazon-clone/functions/node_modules/firebase-functions/lib/index.js\"}"}}
[debug] [2022-10-29T10:16:54.290Z] [runtime-status] [19318] firebase-admin has been stubbed. {"adminResolution":{"declared":true,"installed":true,"version":"9.8.0","resolution":"/Users/advayapradhan/Desktop/Coding/Web_Dev/React/amazon-clone/functions/node_modules/firebase-admin/lib/index.js"}} {"metadata":{"emulator":{"name":"functions"},"message":"[runtime-status] [19318] firebase-admin has been stubbed. {\"adminResolution\":{\"declared\":true,\"installed\":true,\"version\":\"9.8.0\",\"resolution\":\"/Users/advayapradhan/Desktop/Coding/Web_Dev/React/amazon-clone/functions/node_modules/firebase-admin/lib/index.js\"}}"}}
[debug] [2022-10-29T10:16:54.798Z] [worker-~diagnostic~-c80e8319-ec7b-4f3b-987f-14a5ca444f01]: IDLE {"metadata":{"emulator":{"name":"functions"},"message":"[worker-~diagnostic~-c80e8319-ec7b-4f3b-987f-14a5ca444f01]: IDLE"}}
[info] ✔  functions[us-central1-api]: http function initialized (http://localhost:5001/clone-c688c/us-central1/api). {"metadata":{"emulator":{"name":"functions"},"message":"\u001b[1mhttp\u001b[22m function initialized (http://localhost:5001/clone-c688c/us-central1/api)."}}
[info] 
┌─────────────────────────────────────────────────────────────┐
│ ✔  All emulators ready! It is now safe to connect your app. │
│ i  View Emulator UI at http://localhost:4000                │
└─────────────────────────────────────────────────────────────┘

┌───────────┬────────────────┬─────────────────────────────────┐
│ Emulator  │ Host:Port      │ View in Emulator UI             │
├───────────┼────────────────┼─────────────────────────────────┤
│ Functions │ localhost:5001 │ http://localhost:4000/functions │
├───────────┼────────────────┼─────────────────────────────────┤
│ Hosting   │ localhost:5000 │ n/a                             │
└───────────┴────────────────┴─────────────────────────────────┘
  Emulator Hub running at localhost:4400
  Other reserved ports: 4500

Issues? Report them at https://github.com/firebase/firebase-tools/issues and attach the *-debug.log files.
 
